[     196ms] [LOG] [Fast Refresh] rebuilding @ http://localhost:3000/_next/static/chunks/node_modules_next_dist_115brz8._.js:2431
[     367ms] [LOG] [Fast Refresh] done in 272ms @ http://localhost:3000/_next/static/chunks/node_modules_next_dist_115brz8._.js:2431
[    7507ms] [INFO] %cDownload the React DevTools for a better development experience: https://react.dev/link/react-devtools font-weight:bold @ http://localhost:3000/_next/static/chunks/node_modules_next_dist_115brz8._.js:2431
[    7517ms] [LOG] [HMR] connected @ http://localhost:3000/_next/static/chunks/node_modules_next_dist_115brz8._.js:2431
[   97240ms] [LOG] [Fast Refresh] rebuilding @ http://localhost:3000/_next/static/chunks/node_modules_next_dist_115brz8._.js:2431
[   97382ms] [LOG] [Fast Refresh] done in 243ms @ http://localhost:3000/_next/static/chunks/node_modules_next_dist_115brz8._.js:2431
[  184650ms] [ERROR] WebSocket connection to 'ws://localhost:3000/_next/webpack-hmr?id=yxTFEXdhcbyLMSrfIgheO' failed: Error in connection establishment: net::ERR_CONNECTION_REFUSED @ http://localhost:3000/_next/static/chunks/node_modules_next_dist_client_0fhqo1d._.js:13299
[  185653ms] [ERROR] WebSocket connection to 'ws://localhost:3000/_next/webpack-hmr?id=yxTFEXdhcbyLMSrfIgheO' failed: Error in connection establishment: net::ERR_CONNECTION_REFUSED @ http://localhost:3000/_next/static/chunks/node_modules_next_dist_client_0fhqo1d._.js:13299
[  186656ms] [ERROR] WebSocket connection to 'ws://localhost:3000/_next/webpack-hmr?id=yxTFEXdhcbyLMSrfIgheO' failed: Error in connection establishment: net::ERR_CONNECTION_REFUSED @ http://localhost:3000/_next/static/chunks/node_modules_next_dist_client_0fhqo1d._.js:13299
[  187659ms] [ERROR] WebSocket connection to 'ws://localhost:3000/_next/webpack-hmr?id=yxTFEXdhcbyLMSrfIgheO' failed: Error in connection establishment: net::ERR_CONNECTION_REFUSED @ http://localhost:3000/_next/static/chunks/node_modules_next_dist_client_0fhqo1d._.js:13299
[  188662ms] [ERROR] WebSocket connection to 'ws://localhost:3000/_next/webpack-hmr?id=yxTFEXdhcbyLMSrfIgheO' failed: Error in connection establishment: net::ERR_CONNECTION_REFUSED @ http://localhost:3000/_next/static/chunks/node_modules_next_dist_client_0fhqo1d._.js:13299
[  193666ms] [ERROR] WebSocket connection to 'ws://localhost:3000/_next/webpack-hmr?id=yxTFEXdhcbyLMSrfIgheO' failed: Error in connection establishment: net::ERR_CONNECTION_REFUSED @ http://localhost:3000/_next/static/chunks/node_modules_next_dist_client_0fhqo1d._.js:13299
[  198669ms] [ERROR] WebSocket connection to 'ws://localhost:3000/_next/webpack-hmr?id=yxTFEXdhcbyLMSrfIgheO' failed: Error in connection establishment: net::ERR_CONNECTION_REFUSED @ http://localhost:3000/_next/static/chunks/node_modules_next_dist_client_0fhqo1d._.js:13299
[  203672ms] [ERROR] WebSocket connection to 'ws://localhost:3000/_next/webpack-hmr?id=yxTFEXdhcbyLMSrfIgheO' failed: Error in connection establishment: net::ERR_CONNECTION_REFUSED @ http://localhost:3000/_next/static/chunks/node_modules_next_dist_client_0fhqo1d._.js:13299
[  208676ms] [ERROR] WebSocket connection to 'ws://localhost:3000/_next/webpack-hmr?id=yxTFEXdhcbyLMSrfIgheO' failed: Error in connection establishment: net::ERR_CONNECTION_REFUSED @ http://localhost:3000/_next/static/chunks/node_modules_next_dist_client_0fhqo1d._.js:13299
[  213678ms] [ERROR] WebSocket connection to 'ws://localhost:3000/_next/webpack-hmr?id=yxTFEXdhcbyLMSrfIgheO' failed: Error in connection establishment: net::ERR_CONNECTION_REFUSED @ http://localhost:3000/_next/static/chunks/node_modules_next_dist_client_0fhqo1d._.js:13299
[  218682ms] [ERROR] WebSocket connection to 'ws://localhost:3000/_next/webpack-hmr?id=yxTFEXdhcbyLMSrfIgheO' failed: Error in connection establishment: net::ERR_CONNECTION_REFUSED @ http://localhost:3000/_next/static/chunks/node_modules_next_dist_client_0fhqo1d._.js:13299
[  223685ms] [ERROR] WebSocket connection to 'ws://localhost:3000/_next/webpack-hmr?id=yxTFEXdhcbyLMSrfIgheO' failed: Error in connection establishment: net::ERR_CONNECTION_REFUSED @ http://localhost:3000/_next/static/chunks/node_modules_next_dist_client_0fhqo1d._.js:13299
[  320504ms] [INFO] %cDownload the React DevTools for a better development experience: https://react.dev/link/react-devtools font-weight:bold @ http://localhost:3000/_next/static/chunks/node_modules_next_dist_115brz8._.js:2431
[  320518ms] [LOG] [HMR] connected @ http://localhost:3000/_next/static/chunks/node_modules_next_dist_115brz8._.js:2431
